2020-04-07 10:52:04,397 INFO o.a.j.u.JMeterUtils: Setting Locale to en_EN
2020-04-07 10:52:04,425 INFO o.a.j.JMeter: Loading user properties from: /usr/local/Cellar/jmeter/5.2.1/libexec/bin/user.properties
2020-04-07 10:52:04,426 INFO o.a.j.JMeter: Loading system properties from: /usr/local/Cellar/jmeter/5.2.1/libexec/bin/system.properties
2020-04-07 10:52:04,429 INFO o.a.j.JMeter: Copyright (c) 1998-2019 The Apache Software Foundation
2020-04-07 10:52:04,429 INFO o.a.j.JMeter: Version 5.2.1
2020-04-07 10:52:04,429 INFO o.a.j.JMeter: java.version=1.8.0_232
2020-04-07 10:52:04,429 INFO o.a.j.JMeter: java.vm.name=OpenJDK 64-Bit Server VM
2020-04-07 10:52:04,429 INFO o.a.j.JMeter: os.name=Mac OS X
2020-04-07 10:52:04,429 INFO o.a.j.JMeter: os.arch=x86_64
2020-04-07 10:52:04,429 INFO o.a.j.JMeter: os.version=10.14.6
2020-04-07 10:52:04,429 INFO o.a.j.JMeter: file.encoding=UTF-8
2020-04-07 10:52:04,429 INFO o.a.j.JMeter: java.awt.headless=null
2020-04-07 10:52:04,429 INFO o.a.j.JMeter: Max memory     =1073741824
2020-04-07 10:52:04,429 INFO o.a.j.JMeter: Available Processors =4
2020-04-07 10:52:04,432 INFO o.a.j.JMeter: Default Locale=English (EN)
2020-04-07 10:52:04,433 INFO o.a.j.JMeter: JMeter  Locale=English (EN)
2020-04-07 10:52:04,433 INFO o.a.j.JMeter: JMeterHome=/usr/local/Cellar/jmeter/5.2.1/libexec
2020-04-07 10:52:04,433 INFO o.a.j.JMeter: user.dir  =/Users/internalit/Documents/projects/repo-erik-zup/RequestReplyKafka
2020-04-07 10:52:04,433 INFO o.a.j.JMeter: PWD       =/Users/internalit/Documents/projects/repo-erik-zup/RequestReplyKafka
2020-04-07 10:52:09,441 INFO o.a.j.JMeter: IP: 192.168.0.2 Name: MacBook-Pro-de-Internal-2.local FullName: 192.168.0.2
2020-04-07 10:52:11,312 INFO o.a.j.g.a.LookAndFeelCommand: Installing Darcula LAF
2020-04-07 10:52:11,333 INFO o.a.j.g.a.LookAndFeelCommand: Using look and feel: com.bulenkov.darcula.DarculaLaf [Darcula]
2020-04-07 10:52:11,333 INFO o.a.j.JMeter: Setting LAF to: com.bulenkov.darcula.DarculaLaf
2020-04-07 10:52:11,429 INFO o.a.j.JMeter: Loaded icon properties from org/apache/jmeter/images/icon.properties
2020-04-07 10:52:13,924 INFO k.a.j.JMeterPluginsUtils: JMeter-Plugins.org v.1.4.0
2020-04-07 10:52:14,919 WARN o.a.j.g.u.MenuFactory: Could not instantiate class: kg.apc.jmeter.reporters.LoadosophiaUploaderGui
java.lang.reflect.InvocationTargetException: null
	at sun.reflect.NativeConstructorAccessorImpl.newInstance0(Native Method) ~[?:1.8.0_232]
	at sun.reflect.NativeConstructorAccessorImpl.newInstance(NativeConstructorAccessorImpl.java:62) ~[?:1.8.0_232]
	at sun.reflect.DelegatingConstructorAccessorImpl.newInstance(DelegatingConstructorAccessorImpl.java:45) ~[?:1.8.0_232]
	at java.lang.reflect.Constructor.newInstance(Constructor.java:423) ~[?:1.8.0_232]
	at org.apache.jmeter.gui.util.MenuFactory.getGUIComponent(MenuFactory.java:174) ~[ApacheJMeter_core.jar:5.2.1]
	at org.apache.jmeter.gui.util.MenuFactory.initializeMenus(MenuFactory.java:141) ~[ApacheJMeter_core.jar:5.2.1]
	at org.apache.jmeter.gui.util.MenuFactory.<clinit>(MenuFactory.java:106) ~[ApacheJMeter_core.jar:5.2.1]
	at org.apache.jmeter.control.gui.TestPlanGui.createPopupMenu(TestPlanGui.java:92) ~[ApacheJMeter_core.jar:5.2.1]
	at org.apache.jmeter.gui.tree.JMeterTreeNode.createPopupMenu(JMeterTreeNode.java:185) ~[ApacheJMeter_core.jar:5.2.1]
	at org.apache.jmeter.gui.action.EditCommand.doAction(EditCommand.java:46) ~[ApacheJMeter_core.jar:5.2.1]
	at org.apache.jmeter.gui.action.ActionRouter.performAction(ActionRouter.java:88) ~[ApacheJMeter_core.jar:5.2.1]
	at org.apache.jmeter.gui.action.ActionRouter.lambda$actionPerformed$0(ActionRouter.java:70) ~[ApacheJMeter_core.jar:5.2.1]
	at java.awt.event.InvocationEvent.dispatch(InvocationEvent.java:311) [?:1.8.0_232]
	at java.awt.EventQueue.dispatchEventImpl(EventQueue.java:758) [?:1.8.0_232]
	at java.awt.EventQueue.access$500(EventQueue.java:97) [?:1.8.0_232]
	at java.awt.EventQueue$3.run(EventQueue.java:709) [?:1.8.0_232]
	at java.awt.EventQueue$3.run(EventQueue.java:703) [?:1.8.0_232]
	at java.security.AccessController.doPrivileged(Native Method) ~[?:1.8.0_232]
	at java.security.ProtectionDomain$JavaSecurityAccessImpl.doIntersectionPrivilege(ProtectionDomain.java:74) [?:1.8.0_232]
	at java.awt.EventQueue.dispatchEvent(EventQueue.java:728) [?:1.8.0_232]
	at java.awt.EventDispatchThread.pumpOneEventForFilters(EventDispatchThread.java:205) [?:1.8.0_232]
	at java.awt.EventDispatchThread.pumpEventsForFilter(EventDispatchThread.java:116) [?:1.8.0_232]
	at java.awt.EventDispatchThread.pumpEventsForHierarchy(EventDispatchThread.java:105) [?:1.8.0_232]
	at java.awt.EventDispatchThread.pumpEvents(EventDispatchThread.java:101) [?:1.8.0_232]
	at java.awt.EventDispatchThread.pumpEvents(EventDispatchThread.java:93) [?:1.8.0_232]
	at java.awt.EventDispatchThread.run(EventDispatchThread.java:82) [?:1.8.0_232]
Caused by: java.lang.NoClassDefFoundError: org/apache/commons/httpclient/methods/multipart/PartSource
	at kg.apc.jmeter.reporters.LoadosophiaUploaderGui.init(LoadosophiaUploaderGui.java:114) ~[JMeterPlugins-Standard.jar:?]
	at kg.apc.jmeter.reporters.LoadosophiaUploaderGui.<init>(LoadosophiaUploaderGui.java:28) ~[JMeterPlugins-Standard.jar:?]
	... 26 more
Caused by: java.lang.ClassNotFoundException: org.apache.commons.httpclient.methods.multipart.PartSource
	at java.net.URLClassLoader.findClass(URLClassLoader.java:382) ~[?:1.8.0_232]
	at java.lang.ClassLoader.loadClass(ClassLoader.java:418) ~[?:1.8.0_232]
	at java.lang.ClassLoader.loadClass(ClassLoader.java:351) ~[?:1.8.0_232]
	at kg.apc.jmeter.reporters.LoadosophiaUploaderGui.init(LoadosophiaUploaderGui.java:114) ~[JMeterPlugins-Standard.jar:?]
	at kg.apc.jmeter.reporters.LoadosophiaUploaderGui.<init>(LoadosophiaUploaderGui.java:28) ~[JMeterPlugins-Standard.jar:?]
	... 26 more
2020-04-07 10:52:16,240 INFO o.a.j.p.h.s.HTTPSamplerBase: Parser for text/html is org.apache.jmeter.protocol.http.parser.LagartoBasedHtmlParser
2020-04-07 10:52:16,240 INFO o.a.j.p.h.s.HTTPSamplerBase: Parser for application/xhtml+xml is org.apache.jmeter.protocol.http.parser.LagartoBasedHtmlParser
2020-04-07 10:52:16,241 INFO o.a.j.p.h.s.HTTPSamplerBase: Parser for application/xml is org.apache.jmeter.protocol.http.parser.LagartoBasedHtmlParser
2020-04-07 10:52:16,241 INFO o.a.j.p.h.s.HTTPSamplerBase: Parser for text/xml is org.apache.jmeter.protocol.http.parser.LagartoBasedHtmlParser
2020-04-07 10:52:16,241 INFO o.a.j.p.h.s.HTTPSamplerBase: Parser for text/vnd.wap.wml is org.apache.jmeter.protocol.http.parser.RegexpHTMLParser
2020-04-07 10:52:16,241 INFO o.a.j.p.h.s.HTTPSamplerBase: Parser for text/css is org.apache.jmeter.protocol.http.parser.CssParser
2020-04-07 10:52:16,743 INFO o.a.j.e.KeyToolUtils: keytool found at 'keytool'
2020-04-07 10:52:16,744 INFO o.a.j.p.h.p.ProxyControl: HTTP(S) Test Script Recorder SSL Proxy will use keys that support embedded 3rd party resources in file /usr/local/Cellar/jmeter/5.2.1/libexec/bin/proxyserver.jks
2020-04-07 10:52:16,959 INFO o.a.j.s.FileServer: Default base='/Users/internalit/Documents/projects/repo-erik-zup/RequestReplyKafka'
2020-04-07 10:52:17,356 INFO o.a.j.s.SampleResult: Note: Sample TimeStamps are START times
2020-04-07 10:52:17,356 INFO o.a.j.s.SampleResult: sampleresult.default.encoding is set to ISO-8859-1
2020-04-07 10:52:17,356 INFO o.a.j.s.SampleResult: sampleresult.useNanoTime=true
2020-04-07 10:52:17,356 INFO o.a.j.s.SampleResult: sampleresult.nanoThreadSleep=5000
2020-04-07 10:52:17,386 INFO o.a.j.v.ViewResultsFullVisualizer: Add JavaFX to your Java installation if you want to use renderer: org.apache.jmeter.visualizers.RenderInBrowser
2020-04-07 10:54:21,496 INFO o.a.j.e.StandardJMeterEngine: Running the test!
2020-04-07 10:54:21,504 INFO o.a.j.s.SampleEvent: List of sample_variables: []
2020-04-07 10:54:21,504 INFO o.a.j.s.SampleEvent: List of sample_variables: []
2020-04-07 10:54:21,509 INFO o.a.j.e.u.CompoundVariable: Note: Function class names must contain the string: '.functions.'
2020-04-07 10:54:21,510 INFO o.a.j.e.u.CompoundVariable: Note: Function class names must not contain the string: '.gui.'
2020-04-07 10:54:22,011 INFO o.a.j.g.u.JMeterMenuBar: setRunning(true, *local*)
2020-04-07 10:54:22,405 INFO o.a.j.e.StandardJMeterEngine: Starting ThreadGroup: 1 : Thread Group
2020-04-07 10:54:22,405 INFO o.a.j.e.StandardJMeterEngine: Starting 1 threads for group Thread Group.
2020-04-07 10:54:22,405 INFO o.a.j.e.StandardJMeterEngine: Thread will continue on error
2020-04-07 10:54:22,405 INFO o.a.j.t.ThreadGroup: Starting thread group... number=1 threads=1 ramp-up=1 delayedStart=false
2020-04-07 10:54:22,409 INFO o.a.j.t.ThreadGroup: Started thread group number 1
2020-04-07 10:54:22,409 INFO o.a.j.e.StandardJMeterEngine: All thread groups have been started
2020-04-07 10:54:22,411 INFO o.a.j.t.JMeterThread: Thread started: Thread Group 1-1
2020-04-07 10:54:22,421 INFO o.a.j.t.JMeterThread: Thread is done: Thread Group 1-1
2020-04-07 10:54:22,421 INFO o.a.j.t.JMeterThread: Thread finished: Thread Group 1-1
2020-04-07 10:54:22,422 INFO o.a.j.e.StandardJMeterEngine: Notifying test listeners of end of test
2020-04-07 10:54:22,422 INFO o.a.j.g.u.JMeterMenuBar: setRunning(false, *local*)
2020-04-07 10:54:25,277 INFO o.a.j.e.StandardJMeterEngine: Running the test!
2020-04-07 10:54:25,278 INFO o.a.j.s.SampleEvent: List of sample_variables: []
2020-04-07 10:54:25,281 INFO o.a.j.g.u.JMeterMenuBar: setRunning(true, *local*)
2020-04-07 10:54:25,422 INFO o.a.j.e.StandardJMeterEngine: Starting ThreadGroup: 1 : Thread Group
2020-04-07 10:54:25,422 INFO o.a.j.e.StandardJMeterEngine: Starting 1 threads for group Thread Group.
2020-04-07 10:54:25,422 INFO o.a.j.e.StandardJMeterEngine: Thread will continue on error
2020-04-07 10:54:25,423 INFO o.a.j.t.ThreadGroup: Starting thread group... number=1 threads=1 ramp-up=1 delayedStart=false
2020-04-07 10:54:25,423 INFO o.a.j.t.ThreadGroup: Started thread group number 1
2020-04-07 10:54:25,423 INFO o.a.j.e.StandardJMeterEngine: All thread groups have been started
2020-04-07 10:54:25,447 INFO o.a.j.t.JMeterThread: Thread started: Thread Group 1-1
2020-04-07 10:54:25,453 INFO o.a.j.t.JMeterThread: Thread is done: Thread Group 1-1
2020-04-07 10:54:25,453 INFO o.a.j.t.JMeterThread: Thread finished: Thread Group 1-1
2020-04-07 10:54:25,453 INFO o.a.j.e.StandardJMeterEngine: Notifying test listeners of end of test
2020-04-07 10:54:25,453 INFO o.a.j.g.u.JMeterMenuBar: setRunning(false, *local*)
2020-04-07 10:54:49,380 INFO o.a.j.s.FileServer: Set new base='/Users/internalit/Documents'
2020-04-07 10:54:49,563 INFO o.a.j.s.SaveService: Testplan (JMX) version: 2.2. Testlog (JTL) version: 2.2
2020-04-07 10:54:49,580 INFO o.a.j.s.SaveService: Using SaveService properties file encoding UTF-8
2020-04-07 10:54:49,582 INFO o.a.j.s.SaveService: Using SaveService properties version 5.0
2020-04-07 10:54:49,611 INFO o.a.j.e.StandardJMeterEngine: Running the test!
2020-04-07 10:54:49,611 INFO o.a.j.s.SampleEvent: List of sample_variables: []
2020-04-07 10:54:49,615 INFO o.a.j.g.u.JMeterMenuBar: setRunning(true, *local*)
2020-04-07 10:54:49,758 INFO o.a.j.e.StandardJMeterEngine: Starting ThreadGroup: 1 : Thread Group
2020-04-07 10:54:49,758 INFO o.a.j.e.StandardJMeterEngine: Starting 1 threads for group Thread Group.
2020-04-07 10:54:49,758 INFO o.a.j.e.StandardJMeterEngine: Thread will continue on error
2020-04-07 10:54:49,758 INFO o.a.j.t.ThreadGroup: Starting thread group... number=1 threads=1 ramp-up=1 delayedStart=false
2020-04-07 10:54:49,759 INFO o.a.j.t.ThreadGroup: Started thread group number 1
2020-04-07 10:54:49,760 INFO o.a.j.e.StandardJMeterEngine: All thread groups have been started
2020-04-07 10:54:49,763 INFO o.a.j.t.JMeterThread: Thread started: Thread Group 1-1
2020-04-07 10:54:49,764 INFO o.a.j.t.JMeterThread: Thread is done: Thread Group 1-1
2020-04-07 10:54:49,764 INFO o.a.j.t.JMeterThread: Thread finished: Thread Group 1-1
2020-04-07 10:54:49,765 INFO o.a.j.e.StandardJMeterEngine: Notifying test listeners of end of test
2020-04-07 10:54:49,765 INFO o.a.j.g.u.JMeterMenuBar: setRunning(false, *local*)
2020-04-07 10:54:58,975 INFO o.a.j.v.ViewResultsFullVisualizer: Add JavaFX to your Java installation if you want to use renderer: org.apache.jmeter.visualizers.RenderInBrowser
2020-04-07 10:55:00,699 INFO o.a.j.e.StandardJMeterEngine: Running the test!
2020-04-07 10:55:00,700 INFO o.a.j.s.SampleEvent: List of sample_variables: []
2020-04-07 10:55:00,703 INFO o.a.j.g.u.JMeterMenuBar: setRunning(true, *local*)
2020-04-07 10:55:00,839 INFO o.a.j.e.StandardJMeterEngine: Starting ThreadGroup: 1 : Thread Group
2020-04-07 10:55:00,839 INFO o.a.j.e.StandardJMeterEngine: Starting 1 threads for group Thread Group.
2020-04-07 10:55:00,839 INFO o.a.j.e.StandardJMeterEngine: Thread will continue on error
2020-04-07 10:55:00,839 INFO o.a.j.t.ThreadGroup: Starting thread group... number=1 threads=1 ramp-up=1 delayedStart=false
2020-04-07 10:55:00,840 INFO o.a.j.t.ThreadGroup: Started thread group number 1
2020-04-07 10:55:00,841 INFO o.a.j.e.StandardJMeterEngine: All thread groups have been started
2020-04-07 10:55:00,842 INFO o.a.j.t.JMeterThread: Thread started: Thread Group 1-1
2020-04-07 10:55:00,843 INFO o.a.j.t.JMeterThread: Thread is done: Thread Group 1-1
2020-04-07 10:55:00,843 INFO o.a.j.t.JMeterThread: Thread finished: Thread Group 1-1
2020-04-07 10:55:00,843 INFO o.a.j.e.StandardJMeterEngine: Notifying test listeners of end of test
2020-04-07 10:55:00,843 INFO o.a.j.g.u.JMeterMenuBar: setRunning(false, *local*)
2020-04-07 10:55:22,115 INFO o.a.j.e.StandardJMeterEngine: Running the test!
2020-04-07 10:55:22,115 INFO o.a.j.s.SampleEvent: List of sample_variables: []
2020-04-07 10:55:22,122 INFO o.a.j.g.u.JMeterMenuBar: setRunning(true, *local*)
2020-04-07 10:55:22,265 INFO o.a.j.e.StandardJMeterEngine: Starting ThreadGroup: 1 : Thread Group
2020-04-07 10:55:22,265 INFO o.a.j.e.StandardJMeterEngine: Starting 1 threads for group Thread Group.
2020-04-07 10:55:22,266 INFO o.a.j.e.StandardJMeterEngine: Thread will continue on error
2020-04-07 10:55:22,266 INFO o.a.j.t.ThreadGroup: Starting thread group... number=1 threads=1 ramp-up=1 delayedStart=false
2020-04-07 10:55:22,267 INFO o.a.j.t.ThreadGroup: Started thread group number 1
2020-04-07 10:55:22,267 INFO o.a.j.e.StandardJMeterEngine: All thread groups have been started
2020-04-07 10:55:22,283 INFO o.a.j.t.JMeterThread: Thread started: Thread Group 1-1
2020-04-07 10:55:22,301 INFO o.a.j.p.h.s.HTTPHCAbstractImpl: Local host = MacBook-Pro-de-Internal-2.local
2020-04-07 10:55:22,314 INFO o.a.j.p.h.s.HTTPHC4Impl: HTTP request retry count = 0
2020-04-07 10:55:22,554 INFO o.a.j.t.JMeterThread: Thread is done: Thread Group 1-1
2020-04-07 10:55:22,554 INFO o.a.j.t.JMeterThread: Thread finished: Thread Group 1-1
2020-04-07 10:55:22,555 INFO o.a.j.e.StandardJMeterEngine: Notifying test listeners of end of test
2020-04-07 10:55:22,556 INFO o.a.j.g.u.JMeterMenuBar: setRunning(false, *local*)
2020-04-07 10:55:50,204 INFO o.a.j.e.StandardJMeterEngine: Running the test!
2020-04-07 10:55:50,205 INFO o.a.j.s.SampleEvent: List of sample_variables: []
2020-04-07 10:55:50,210 INFO o.a.j.g.u.JMeterMenuBar: setRunning(true, *local*)
2020-04-07 10:55:50,360 INFO o.a.j.e.StandardJMeterEngine: Starting ThreadGroup: 1 : Thread Group
2020-04-07 10:55:50,360 INFO o.a.j.e.StandardJMeterEngine: Starting 1 threads for group Thread Group.
2020-04-07 10:55:50,360 INFO o.a.j.e.StandardJMeterEngine: Thread will continue on error
2020-04-07 10:55:50,361 INFO o.a.j.t.ThreadGroup: Starting thread group... number=1 threads=1 ramp-up=1 delayedStart=false
2020-04-07 10:55:50,362 INFO o.a.j.t.ThreadGroup: Started thread group number 1
2020-04-07 10:55:50,363 INFO o.a.j.e.StandardJMeterEngine: All thread groups have been started
2020-04-07 10:55:50,363 INFO o.a.j.t.JMeterThread: Thread started: Thread Group 1-1
2020-04-07 10:55:50,364 INFO o.a.j.t.JMeterThread: Thread is done: Thread Group 1-1
2020-04-07 10:55:50,364 INFO o.a.j.t.JMeterThread: Thread finished: Thread Group 1-1
2020-04-07 10:55:50,364 INFO o.a.j.e.StandardJMeterEngine: Notifying test listeners of end of test
2020-04-07 10:55:50,365 INFO o.a.j.g.u.JMeterMenuBar: setRunning(false, *local*)
2020-04-07 10:56:15,815 INFO o.a.j.e.StandardJMeterEngine: Running the test!
2020-04-07 10:56:15,816 INFO o.a.j.s.SampleEvent: List of sample_variables: []
2020-04-07 10:56:15,820 INFO o.a.j.g.u.JMeterMenuBar: setRunning(true, *local*)
2020-04-07 10:56:15,967 INFO o.a.j.e.StandardJMeterEngine: Starting ThreadGroup: 1 : Thread Group
2020-04-07 10:56:15,968 INFO o.a.j.e.StandardJMeterEngine: Starting 1 threads for group Thread Group.
2020-04-07 10:56:15,968 INFO o.a.j.e.StandardJMeterEngine: Thread will continue on error
2020-04-07 10:56:15,968 INFO o.a.j.t.ThreadGroup: Starting thread group... number=1 threads=1 ramp-up=1 delayedStart=false
2020-04-07 10:56:15,969 INFO o.a.j.t.ThreadGroup: Started thread group number 1
2020-04-07 10:56:15,969 INFO o.a.j.e.StandardJMeterEngine: All thread groups have been started
2020-04-07 10:56:15,972 INFO o.a.j.t.JMeterThread: Thread started: Thread Group 1-1
2020-04-07 10:56:15,998 INFO o.a.j.t.JMeterThread: Thread is done: Thread Group 1-1
2020-04-07 10:56:15,998 INFO o.a.j.t.JMeterThread: Thread finished: Thread Group 1-1
2020-04-07 10:56:15,999 INFO o.a.j.e.StandardJMeterEngine: Notifying test listeners of end of test
2020-04-07 10:56:15,999 INFO o.a.j.g.u.JMeterMenuBar: setRunning(false, *local*)
2020-04-07 10:56:55,045 INFO o.a.j.e.StandardJMeterEngine: Running the test!
2020-04-07 10:56:55,047 INFO o.a.j.s.SampleEvent: List of sample_variables: []
2020-04-07 10:56:55,051 INFO o.a.j.g.u.JMeterMenuBar: setRunning(true, *local*)
2020-04-07 10:56:55,224 INFO o.a.j.e.StandardJMeterEngine: Starting ThreadGroup: 1 : Thread Group
2020-04-07 10:56:55,224 INFO o.a.j.e.StandardJMeterEngine: Starting 1 threads for group Thread Group.
2020-04-07 10:56:55,224 INFO o.a.j.e.StandardJMeterEngine: Thread will continue on error
2020-04-07 10:56:55,224 INFO o.a.j.t.ThreadGroup: Starting thread group... number=1 threads=1 ramp-up=1 delayedStart=false
2020-04-07 10:56:55,225 INFO o.a.j.t.ThreadGroup: Started thread group number 1
2020-04-07 10:56:55,225 INFO o.a.j.e.StandardJMeterEngine: All thread groups have been started
2020-04-07 10:56:55,250 INFO o.a.j.t.JMeterThread: Thread started: Thread Group 1-1
2020-04-07 10:56:55,263 INFO o.a.j.t.JMeterThread: Thread is done: Thread Group 1-1
2020-04-07 10:56:55,263 INFO o.a.j.t.JMeterThread: Thread finished: Thread Group 1-1
2020-04-07 10:56:55,263 INFO o.a.j.e.StandardJMeterEngine: Notifying test listeners of end of test
2020-04-07 10:56:55,263 INFO o.a.j.g.u.JMeterMenuBar: setRunning(false, *local*)
2020-04-07 10:57:26,092 INFO o.a.j.e.StandardJMeterEngine: Running the test!
2020-04-07 10:57:26,093 INFO o.a.j.s.SampleEvent: List of sample_variables: []
2020-04-07 10:57:26,098 INFO o.a.j.g.u.JMeterMenuBar: setRunning(true, *local*)
2020-04-07 10:57:26,241 INFO o.a.j.e.StandardJMeterEngine: Starting ThreadGroup: 1 : Thread Group
2020-04-07 10:57:26,241 INFO o.a.j.e.StandardJMeterEngine: Starting 1 threads for group Thread Group.
2020-04-07 10:57:26,241 INFO o.a.j.e.StandardJMeterEngine: Thread will continue on error
2020-04-07 10:57:26,241 INFO o.a.j.t.ThreadGroup: Starting thread group... number=1 threads=1 ramp-up=1 delayedStart=false
2020-04-07 10:57:26,242 INFO o.a.j.t.ThreadGroup: Started thread group number 1
2020-04-07 10:57:26,243 INFO o.a.j.e.StandardJMeterEngine: All thread groups have been started
2020-04-07 10:57:26,244 INFO o.a.j.t.JMeterThread: Thread started: Thread Group 1-1
2020-04-07 10:57:26,299 INFO o.a.j.t.JMeterThread: Thread is done: Thread Group 1-1
2020-04-07 10:57:26,299 INFO o.a.j.t.JMeterThread: Thread finished: Thread Group 1-1
2020-04-07 10:57:26,301 INFO o.a.j.e.StandardJMeterEngine: Notifying test listeners of end of test
2020-04-07 10:57:26,301 INFO o.a.j.g.u.JMeterMenuBar: setRunning(false, *local*)
2020-04-07 10:57:39,064 INFO o.a.j.e.StandardJMeterEngine: Running the test!
2020-04-07 10:57:39,064 INFO o.a.j.s.SampleEvent: List of sample_variables: []
2020-04-07 10:57:39,071 INFO o.a.j.g.u.JMeterMenuBar: setRunning(true, *local*)
2020-04-07 10:57:39,229 INFO o.a.j.e.StandardJMeterEngine: Starting ThreadGroup: 1 : Thread Group
2020-04-07 10:57:39,229 INFO o.a.j.e.StandardJMeterEngine: Starting 10 threads for group Thread Group.
2020-04-07 10:57:39,230 INFO o.a.j.e.StandardJMeterEngine: Thread will continue on error
2020-04-07 10:57:39,230 INFO o.a.j.t.ThreadGroup: Starting thread group... number=1 threads=10 ramp-up=1 delayedStart=false
2020-04-07 10:57:39,232 INFO o.a.j.t.JMeterThread: Thread started: Thread Group 1-1
2020-04-07 10:57:39,250 INFO o.a.j.t.ThreadGroup: Started thread group number 1
2020-04-07 10:57:39,251 INFO o.a.j.e.StandardJMeterEngine: All thread groups have been started
2020-04-07 10:57:39,281 INFO o.a.j.t.JMeterThread: Thread is done: Thread Group 1-1
2020-04-07 10:57:39,281 INFO o.a.j.t.JMeterThread: Thread finished: Thread Group 1-1
2020-04-07 10:57:39,338 INFO o.a.j.t.JMeterThread: Thread started: Thread Group 1-2
2020-04-07 10:57:39,379 INFO o.a.j.t.JMeterThread: Thread is done: Thread Group 1-2
2020-04-07 10:57:39,379 INFO o.a.j.t.JMeterThread: Thread finished: Thread Group 1-2
2020-04-07 10:57:39,437 INFO o.a.j.t.JMeterThread: Thread started: Thread Group 1-3
2020-04-07 10:57:39,466 INFO o.a.j.t.JMeterThread: Thread is done: Thread Group 1-3
2020-04-07 10:57:39,466 INFO o.a.j.t.JMeterThread: Thread finished: Thread Group 1-3
2020-04-07 10:57:39,536 INFO o.a.j.t.JMeterThread: Thread started: Thread Group 1-4
2020-04-07 10:57:39,574 INFO o.a.j.t.JMeterThread: Thread is done: Thread Group 1-4
2020-04-07 10:57:39,574 INFO o.a.j.t.JMeterThread: Thread finished: Thread Group 1-4
2020-04-07 10:57:39,639 INFO o.a.j.t.JMeterThread: Thread started: Thread Group 1-5
2020-04-07 10:57:39,661 INFO o.a.j.t.JMeterThread: Thread is done: Thread Group 1-5
2020-04-07 10:57:39,661 INFO o.a.j.t.JMeterThread: Thread finished: Thread Group 1-5
2020-04-07 10:57:39,739 INFO o.a.j.t.JMeterThread: Thread started: Thread Group 1-6
2020-04-07 10:57:39,766 INFO o.a.j.t.JMeterThread: Thread is done: Thread Group 1-6
2020-04-07 10:57:39,766 INFO o.a.j.t.JMeterThread: Thread finished: Thread Group 1-6
2020-04-07 10:57:39,837 INFO o.a.j.t.JMeterThread: Thread started: Thread Group 1-7
2020-04-07 10:57:39,860 INFO o.a.j.t.JMeterThread: Thread is done: Thread Group 1-7
2020-04-07 10:57:39,860 INFO o.a.j.t.JMeterThread: Thread finished: Thread Group 1-7
2020-04-07 10:57:39,937 INFO o.a.j.t.JMeterThread: Thread started: Thread Group 1-8
2020-04-07 10:57:39,956 INFO o.a.j.t.JMeterThread: Thread is done: Thread Group 1-8
2020-04-07 10:57:39,956 INFO o.a.j.t.JMeterThread: Thread finished: Thread Group 1-8
2020-04-07 10:57:40,037 INFO o.a.j.t.JMeterThread: Thread started: Thread Group 1-9
2020-04-07 10:57:40,062 INFO o.a.j.t.JMeterThread: Thread is done: Thread Group 1-9
2020-04-07 10:57:40,063 INFO o.a.j.t.JMeterThread: Thread finished: Thread Group 1-9
2020-04-07 10:57:40,139 INFO o.a.j.t.JMeterThread: Thread started: Thread Group 1-10
2020-04-07 10:57:40,163 INFO o.a.j.t.JMeterThread: Thread is done: Thread Group 1-10
2020-04-07 10:57:40,163 INFO o.a.j.t.JMeterThread: Thread finished: Thread Group 1-10
2020-04-07 10:57:40,164 INFO o.a.j.e.StandardJMeterEngine: Notifying test listeners of end of test
2020-04-07 10:57:40,164 INFO o.a.j.g.u.JMeterMenuBar: setRunning(false, *local*)
2020-04-07 11:01:51,324 INFO o.a.j.e.StandardJMeterEngine: Running the test!
2020-04-07 11:01:51,329 INFO o.a.j.s.SampleEvent: List of sample_variables: []
2020-04-07 11:01:51,330 INFO o.a.j.g.u.JMeterMenuBar: setRunning(true, *local*)
2020-04-07 11:01:51,750 INFO o.a.j.e.StandardJMeterEngine: Starting ThreadGroup: 1 : Thread Group
2020-04-07 11:01:51,751 INFO o.a.j.e.StandardJMeterEngine: Starting 10 threads for group Thread Group.
2020-04-07 11:01:51,751 INFO o.a.j.e.StandardJMeterEngine: Thread will continue on error
2020-04-07 11:01:51,751 INFO o.a.j.t.ThreadGroup: Starting thread group... number=1 threads=10 ramp-up=1 delayedStart=false
2020-04-07 11:01:51,772 INFO o.a.j.t.JMeterThread: Thread started: Thread Group 1-1
2020-04-07 11:01:51,798 INFO o.a.j.t.ThreadGroup: Started thread group number 1
2020-04-07 11:01:51,801 INFO o.a.j.e.StandardJMeterEngine: All thread groups have been started
2020-04-07 11:01:51,904 INFO o.a.j.t.JMeterThread: Thread is done: Thread Group 1-1
2020-04-07 11:01:51,904 INFO o.a.j.t.JMeterThread: Thread finished: Thread Group 1-1
2020-04-07 11:01:51,910 INFO o.a.j.t.JMeterThread: Thread started: Thread Group 1-2
2020-04-07 11:01:51,930 INFO o.a.j.t.JMeterThread: Thread is done: Thread Group 1-2
2020-04-07 11:01:51,930 INFO o.a.j.t.JMeterThread: Thread finished: Thread Group 1-2
2020-04-07 11:01:52,006 INFO o.a.j.t.JMeterThread: Thread started: Thread Group 1-3
2020-04-07 11:01:52,023 INFO o.a.j.t.JMeterThread: Thread is done: Thread Group 1-3
2020-04-07 11:01:52,023 INFO o.a.j.t.JMeterThread: Thread finished: Thread Group 1-3
2020-04-07 11:01:52,101 INFO o.a.j.t.JMeterThread: Thread started: Thread Group 1-4
2020-04-07 11:01:52,120 INFO o.a.j.t.JMeterThread: Thread is done: Thread Group 1-4
2020-04-07 11:01:52,120 INFO o.a.j.t.JMeterThread: Thread finished: Thread Group 1-4
2020-04-07 11:01:52,198 INFO o.a.j.t.JMeterThread: Thread started: Thread Group 1-5
2020-04-07 11:01:52,223 INFO o.a.j.t.JMeterThread: Thread is done: Thread Group 1-5
2020-04-07 11:01:52,223 INFO o.a.j.t.JMeterThread: Thread finished: Thread Group 1-5
2020-04-07 11:01:52,295 INFO o.a.j.t.JMeterThread: Thread started: Thread Group 1-6
2020-04-07 11:01:52,322 INFO o.a.j.t.JMeterThread: Thread is done: Thread Group 1-6
2020-04-07 11:01:52,323 INFO o.a.j.t.JMeterThread: Thread finished: Thread Group 1-6
2020-04-07 11:01:52,386 INFO o.a.j.t.JMeterThread: Thread started: Thread Group 1-7
2020-04-07 11:01:52,414 INFO o.a.j.t.JMeterThread: Thread is done: Thread Group 1-7
2020-04-07 11:01:52,414 INFO o.a.j.t.JMeterThread: Thread finished: Thread Group 1-7
2020-04-07 11:01:52,485 INFO o.a.j.t.JMeterThread: Thread started: Thread Group 1-8
2020-04-07 11:01:52,497 INFO o.a.j.t.JMeterThread: Thread is done: Thread Group 1-8
2020-04-07 11:01:52,498 INFO o.a.j.t.JMeterThread: Thread finished: Thread Group 1-8
2020-04-07 11:01:52,579 INFO o.a.j.t.JMeterThread: Thread started: Thread Group 1-9
2020-04-07 11:01:52,593 INFO o.a.j.t.JMeterThread: Thread is done: Thread Group 1-9
2020-04-07 11:01:52,593 INFO o.a.j.t.JMeterThread: Thread finished: Thread Group 1-9
2020-04-07 11:01:52,678 INFO o.a.j.t.JMeterThread: Thread started: Thread Group 1-10
2020-04-07 11:01:52,691 INFO o.a.j.t.JMeterThread: Thread is done: Thread Group 1-10
2020-04-07 11:01:52,691 INFO o.a.j.t.JMeterThread: Thread finished: Thread Group 1-10
2020-04-07 11:01:52,691 INFO o.a.j.e.StandardJMeterEngine: Notifying test listeners of end of test
2020-04-07 11:01:52,692 INFO o.a.j.g.u.JMeterMenuBar: setRunning(false, *local*)
2020-04-07 11:02:21,203 INFO o.a.j.e.StandardJMeterEngine: Running the test!
2020-04-07 11:02:21,204 INFO o.a.j.s.SampleEvent: List of sample_variables: []
2020-04-07 11:02:21,205 INFO o.a.j.g.u.JMeterMenuBar: setRunning(true, *local*)
2020-04-07 11:02:21,355 INFO o.a.j.e.StandardJMeterEngine: Starting ThreadGroup: 1 : Thread Group
2020-04-07 11:02:21,355 INFO o.a.j.e.StandardJMeterEngine: Starting 10 threads for group Thread Group.
2020-04-07 11:02:21,356 INFO o.a.j.e.StandardJMeterEngine: Thread will continue on error
2020-04-07 11:02:21,356 INFO o.a.j.t.ThreadGroup: Starting thread group... number=1 threads=10 ramp-up=1 delayedStart=false
2020-04-07 11:02:21,356 INFO o.a.j.t.JMeterThread: Thread started: Thread Group 1-1
2020-04-07 11:02:21,370 INFO o.a.j.t.ThreadGroup: Started thread group number 1
2020-04-07 11:02:21,370 INFO o.a.j.e.StandardJMeterEngine: All thread groups have been started
2020-04-07 11:02:21,382 INFO o.a.j.t.JMeterThread: Thread is done: Thread Group 1-1
2020-04-07 11:02:21,382 INFO o.a.j.t.JMeterThread: Thread finished: Thread Group 1-1
2020-04-07 11:02:21,461 INFO o.a.j.t.JMeterThread: Thread started: Thread Group 1-2
2020-04-07 11:02:21,473 INFO o.a.j.t.JMeterThread: Thread is done: Thread Group 1-2
2020-04-07 11:02:21,473 INFO o.a.j.t.JMeterThread: Thread finished: Thread Group 1-2
2020-04-07 11:02:21,561 INFO o.a.j.t.JMeterThread: Thread started: Thread Group 1-3
2020-04-07 11:02:21,579 INFO o.a.j.t.JMeterThread: Thread is done: Thread Group 1-3
2020-04-07 11:02:21,579 INFO o.a.j.t.JMeterThread: Thread finished: Thread Group 1-3
2020-04-07 11:02:21,662 INFO o.a.j.t.JMeterThread: Thread started: Thread Group 1-4
2020-04-07 11:02:21,685 INFO o.a.j.t.JMeterThread: Thread is done: Thread Group 1-4
2020-04-07 11:02:21,686 INFO o.a.j.t.JMeterThread: Thread finished: Thread Group 1-4
2020-04-07 11:02:21,760 INFO o.a.j.t.JMeterThread: Thread started: Thread Group 1-5
2020-04-07 11:02:21,772 INFO o.a.j.t.JMeterThread: Thread is done: Thread Group 1-5
2020-04-07 11:02:21,773 INFO o.a.j.t.JMeterThread: Thread finished: Thread Group 1-5
2020-04-07 11:02:21,862 INFO o.a.j.t.JMeterThread: Thread started: Thread Group 1-6
2020-04-07 11:02:21,874 INFO o.a.j.t.JMeterThread: Thread is done: Thread Group 1-6
2020-04-07 11:02:21,874 INFO o.a.j.t.JMeterThread: Thread finished: Thread Group 1-6
2020-04-07 11:02:21,962 INFO o.a.j.t.JMeterThread: Thread started: Thread Group 1-7
2020-04-07 11:02:21,974 INFO o.a.j.t.JMeterThread: Thread is done: Thread Group 1-7
2020-04-07 11:02:21,974 INFO o.a.j.t.JMeterThread: Thread finished: Thread Group 1-7
2020-04-07 11:02:22,063 INFO o.a.j.t.JMeterThread: Thread started: Thread Group 1-8
2020-04-07 11:02:22,075 INFO o.a.j.t.JMeterThread: Thread is done: Thread Group 1-8
2020-04-07 11:02:22,075 INFO o.a.j.t.JMeterThread: Thread finished: Thread Group 1-8
2020-04-07 11:02:22,166 INFO o.a.j.t.JMeterThread: Thread started: Thread Group 1-9
2020-04-07 11:02:22,176 INFO o.a.j.t.JMeterThread: Thread is done: Thread Group 1-9
2020-04-07 11:02:22,176 INFO o.a.j.t.JMeterThread: Thread finished: Thread Group 1-9
2020-04-07 11:02:22,268 INFO o.a.j.t.JMeterThread: Thread started: Thread Group 1-10
2020-04-07 11:02:22,281 INFO o.a.j.t.JMeterThread: Thread is done: Thread Group 1-10
2020-04-07 11:02:22,281 INFO o.a.j.t.JMeterThread: Thread finished: Thread Group 1-10
2020-04-07 11:02:22,282 INFO o.a.j.e.StandardJMeterEngine: Notifying test listeners of end of test
2020-04-07 11:02:22,282 INFO o.a.j.g.u.JMeterMenuBar: setRunning(false, *local*)
2020-04-07 11:02:49,182 INFO o.a.j.e.StandardJMeterEngine: Running the test!
2020-04-07 11:02:49,183 INFO o.a.j.s.SampleEvent: List of sample_variables: []
2020-04-07 11:02:49,184 INFO o.a.j.g.u.JMeterMenuBar: setRunning(true, *local*)
2020-04-07 11:02:49,320 INFO o.a.j.e.StandardJMeterEngine: Starting ThreadGroup: 1 : Thread Group
2020-04-07 11:02:49,320 INFO o.a.j.e.StandardJMeterEngine: Starting 10 threads for group Thread Group.
2020-04-07 11:02:49,320 INFO o.a.j.e.StandardJMeterEngine: Thread will continue on error
2020-04-07 11:02:49,320 INFO o.a.j.t.ThreadGroup: Starting thread group... number=1 threads=10 ramp-up=1 delayedStart=false
2020-04-07 11:02:49,321 INFO o.a.j.t.JMeterThread: Thread started: Thread Group 1-1
2020-04-07 11:02:49,333 INFO o.a.j.t.ThreadGroup: Started thread group number 1
2020-04-07 11:02:49,333 INFO o.a.j.e.StandardJMeterEngine: All thread groups have been started
2020-04-07 11:02:49,362 INFO o.a.j.t.JMeterThread: Thread is done: Thread Group 1-1
2020-04-07 11:02:49,362 INFO o.a.j.t.JMeterThread: Thread finished: Thread Group 1-1
2020-04-07 11:02:49,425 INFO o.a.j.t.JMeterThread: Thread started: Thread Group 1-2
2020-04-07 11:02:49,456 INFO o.a.j.t.JMeterThread: Thread is done: Thread Group 1-2
2020-04-07 11:02:49,456 INFO o.a.j.t.JMeterThread: Thread finished: Thread Group 1-2
2020-04-07 11:02:49,525 INFO o.a.j.t.JMeterThread: Thread started: Thread Group 1-3
2020-04-07 11:02:49,544 INFO o.a.j.t.JMeterThread: Thread is done: Thread Group 1-3
2020-04-07 11:02:49,544 INFO o.a.j.t.JMeterThread: Thread finished: Thread Group 1-3
2020-04-07 11:02:49,625 INFO o.a.j.t.JMeterThread: Thread started: Thread Group 1-4
2020-04-07 11:02:49,660 INFO o.a.j.t.JMeterThread: Thread is done: Thread Group 1-4
2020-04-07 11:02:49,661 INFO o.a.j.t.JMeterThread: Thread finished: Thread Group 1-4
2020-04-07 11:02:49,725 INFO o.a.j.t.JMeterThread: Thread started: Thread Group 1-5
2020-04-07 11:02:49,754 INFO o.a.j.t.JMeterThread: Thread is done: Thread Group 1-5
2020-04-07 11:02:49,754 INFO o.a.j.t.JMeterThread: Thread finished: Thread Group 1-5
2020-04-07 11:02:49,825 INFO o.a.j.t.JMeterThread: Thread started: Thread Group 1-6
2020-04-07 11:02:49,845 INFO o.a.j.t.JMeterThread: Thread is done: Thread Group 1-6
2020-04-07 11:02:49,845 INFO o.a.j.t.JMeterThread: Thread finished: Thread Group 1-6
2020-04-07 11:02:49,926 INFO o.a.j.t.JMeterThread: Thread started: Thread Group 1-7
2020-04-07 11:02:49,945 INFO o.a.j.t.JMeterThread: Thread is done: Thread Group 1-7
2020-04-07 11:02:49,946 INFO o.a.j.t.JMeterThread: Thread finished: Thread Group 1-7
2020-04-07 11:02:50,025 INFO o.a.j.t.JMeterThread: Thread started: Thread Group 1-8
2020-04-07 11:02:50,046 INFO o.a.j.t.JMeterThread: Thread is done: Thread Group 1-8
2020-04-07 11:02:50,046 INFO o.a.j.t.JMeterThread: Thread finished: Thread Group 1-8
2020-04-07 11:02:50,129 INFO o.a.j.t.JMeterThread: Thread started: Thread Group 1-9
2020-04-07 11:02:50,152 INFO o.a.j.t.JMeterThread: Thread is done: Thread Group 1-9
2020-04-07 11:02:50,152 INFO o.a.j.t.JMeterThread: Thread finished: Thread Group 1-9
2020-04-07 11:02:50,231 INFO o.a.j.t.JMeterThread: Thread started: Thread Group 1-10
2020-04-07 11:02:50,247 INFO o.a.j.t.JMeterThread: Thread is done: Thread Group 1-10
2020-04-07 11:02:50,247 INFO o.a.j.t.JMeterThread: Thread finished: Thread Group 1-10
2020-04-07 11:02:50,250 INFO o.a.j.e.StandardJMeterEngine: Notifying test listeners of end of test
2020-04-07 11:02:50,250 INFO o.a.j.g.u.JMeterMenuBar: setRunning(false, *local*)
2020-04-07 11:10:42,102 INFO o.a.j.e.StandardJMeterEngine: Running the test!
2020-04-07 11:10:42,107 INFO o.a.j.s.SampleEvent: List of sample_variables: []
2020-04-07 11:10:42,109 INFO o.a.j.g.u.JMeterMenuBar: setRunning(true, *local*)
2020-04-07 11:10:42,615 INFO o.a.j.e.StandardJMeterEngine: Starting ThreadGroup: 1 : Thread Group
2020-04-07 11:10:42,615 INFO o.a.j.e.StandardJMeterEngine: Starting 10 threads for group Thread Group.
2020-04-07 11:10:42,615 INFO o.a.j.e.StandardJMeterEngine: Thread will continue on error
2020-04-07 11:10:42,615 INFO o.a.j.t.ThreadGroup: Starting thread group... number=1 threads=10 ramp-up=1 delayedStart=false
2020-04-07 11:10:42,616 INFO o.a.j.t.JMeterThread: Thread started: Thread Group 1-1
2020-04-07 11:10:42,624 INFO o.a.j.t.ThreadGroup: Started thread group number 1
2020-04-07 11:10:42,624 INFO o.a.j.e.StandardJMeterEngine: All thread groups have been started
2020-04-07 11:10:42,718 INFO o.a.j.t.JMeterThread: Thread started: Thread Group 1-2
2020-04-07 11:10:42,820 INFO o.a.j.t.JMeterThread: Thread started: Thread Group 1-3
2020-04-07 11:10:42,922 INFO o.a.j.t.JMeterThread: Thread started: Thread Group 1-4
2020-04-07 11:10:43,020 INFO o.a.j.t.JMeterThread: Thread started: Thread Group 1-5
2020-04-07 11:10:43,119 INFO o.a.j.t.JMeterThread: Thread started: Thread Group 1-6
2020-04-07 11:10:43,200 INFO o.a.j.t.JMeterThread: Thread is done: Thread Group 1-4
2020-04-07 11:10:43,200 INFO o.a.j.t.JMeterThread: Thread is done: Thread Group 1-3
2020-04-07 11:10:43,201 INFO o.a.j.t.JMeterThread: Thread finished: Thread Group 1-3
2020-04-07 11:10:43,201 INFO o.a.j.t.JMeterThread: Thread finished: Thread Group 1-4
2020-04-07 11:10:43,211 INFO o.a.j.t.JMeterThread: Thread is done: Thread Group 1-6
2020-04-07 11:10:43,211 INFO o.a.j.t.JMeterThread: Thread is done: Thread Group 1-1
2020-04-07 11:10:43,211 INFO o.a.j.t.JMeterThread: Thread is done: Thread Group 1-5
2020-04-07 11:10:43,211 INFO o.a.j.t.JMeterThread: Thread finished: Thread Group 1-6
2020-04-07 11:10:43,211 INFO o.a.j.t.JMeterThread: Thread finished: Thread Group 1-1
2020-04-07 11:10:43,211 INFO o.a.j.t.JMeterThread: Thread finished: Thread Group 1-5
2020-04-07 11:10:43,211 INFO o.a.j.t.JMeterThread: Thread is done: Thread Group 1-2
2020-04-07 11:10:43,212 INFO o.a.j.t.JMeterThread: Thread finished: Thread Group 1-2
2020-04-07 11:10:43,222 INFO o.a.j.t.JMeterThread: Thread started: Thread Group 1-7
2020-04-07 11:10:43,256 INFO o.a.j.t.JMeterThread: Thread is done: Thread Group 1-7
2020-04-07 11:10:43,256 INFO o.a.j.t.JMeterThread: Thread finished: Thread Group 1-7
2020-04-07 11:10:43,320 INFO o.a.j.t.JMeterThread: Thread started: Thread Group 1-8
2020-04-07 11:10:43,367 INFO o.a.j.t.JMeterThread: Thread is done: Thread Group 1-8
2020-04-07 11:10:43,367 INFO o.a.j.t.JMeterThread: Thread finished: Thread Group 1-8
2020-04-07 11:10:43,420 INFO o.a.j.t.JMeterThread: Thread started: Thread Group 1-9
2020-04-07 11:10:43,443 INFO o.a.j.t.JMeterThread: Thread is done: Thread Group 1-9
2020-04-07 11:10:43,443 INFO o.a.j.t.JMeterThread: Thread finished: Thread Group 1-9
2020-04-07 11:10:43,520 INFO o.a.j.t.JMeterThread: Thread started: Thread Group 1-10
2020-04-07 11:10:43,555 INFO o.a.j.t.JMeterThread: Thread is done: Thread Group 1-10
2020-04-07 11:10:43,555 INFO o.a.j.t.JMeterThread: Thread finished: Thread Group 1-10
2020-04-07 11:10:43,556 INFO o.a.j.e.StandardJMeterEngine: Notifying test listeners of end of test
2020-04-07 11:10:43,556 INFO o.a.j.g.u.JMeterMenuBar: setRunning(false, *local*)
